<?xml version="1.0" encoding="UTF-8" ?>
<testsuite tests="11" failures="11" name="com.mthree.vendingmachine.dao.VendingMachineDaoTest" time="0.001" errors="0" skipped="0">
  <properties>
[...]
</properties>
  <testcase classname="com.mthree.vendingmachine.dao.VendingMachineDaoTest" name="com.mthree.vendingmachine.dao.VendingMachineDaoTest.testInsertMoneyToMachine" time="0.001">
    <failure message="The test case is a prototype." type="org.opentest4j.AssertionFailedError">org.opentest4j.AssertionFailedError: The test case is a prototype.
	at org.junit.jupiter.api.AssertionUtils.fail(AssertionUtils.java:39)
	at org.junit.jupiter.api.Assertions.fail(Assertions.java:109)
	at com.mthree.vendingmachine.dao.VendingMachineDaoTest.testInsertMoneyToMachine(VendingMachineDaoTest.java:53)
</failure>
    <system-out>insertMoneyToMachine
</system-out>
  </testcase>
  <testcase classname="com.mthree.vendingmachine.dao.VendingMachineDaoTest" name="com.mthree.vendingmachine.dao.VendingMachineDaoTest.testGetMoneyInMachine" time="0">
    <failure message="The test case is a prototype." type="org.opentest4j.AssertionFailedError">org.opentest4j.AssertionFailedError: The test case is a prototype.
	at org.junit.jupiter.api.AssertionUtils.fail(AssertionUtils.java:39)
	at org.junit.jupiter.api.Assertions.fail(Assertions.java:109)
	at com.mthree.vendingmachine.dao.VendingMachineDaoTest.testGetMoneyInMachine(VendingMachineDaoTest.java:67)
</failure>
    <system-out>getMoneyInMachine
</system-out>
  </testcase>
  <testcase classname="com.mthree.vendingmachine.dao.VendingMachineDaoTest" name="com.mthree.vendingmachine.dao.VendingMachineDaoTest.testAddSnacksFromFile" time="0">
    <failure message="The test case is a prototype." type="org.opentest4j.AssertionFailedError">org.opentest4j.AssertionFailedError: The test case is a prototype.
	at org.junit.jupiter.api.AssertionUtils.fail(AssertionUtils.java:39)
	at org.junit.jupiter.api.Assertions.fail(Assertions.java:109)
	at com.mthree.vendingmachine.dao.VendingMachineDaoTest.testAddSnacksFromFile(VendingMachineDaoTest.java:82)
</failure>
    <system-out>addSnacksFromFile
</system-out>
  </testcase>
  <testcase classname="com.mthree.vendingmachine.dao.VendingMachineDaoTest" name="com.mthree.vendingmachine.dao.VendingMachineDaoTest.testWriteSnacksToFile" time="0">
    <failure message="The test case is a prototype." type="org.opentest4j.AssertionFailedError">org.opentest4j.AssertionFailedError: The test case is a prototype.
	at org.junit.jupiter.api.AssertionUtils.fail(AssertionUtils.java:39)
	at org.junit.jupiter.api.Assertions.fail(Assertions.java:109)
	at com.mthree.vendingmachine.dao.VendingMachineDaoTest.testWriteSnacksToFile(VendingMachineDaoTest.java:97)
</failure>
    <system-out>writeSnacksToFile
</system-out>
  </testcase>
  <testcase classname="com.mthree.vendingmachine.dao.VendingMachineDaoTest" name="com.mthree.vendingmachine.dao.VendingMachineDaoTest.testAddSnack" time="0">
    <failure message="The test case is a prototype." type="org.opentest4j.AssertionFailedError">org.opentest4j.AssertionFailedError: The test case is a prototype.
	at org.junit.jupiter.api.AssertionUtils.fail(AssertionUtils.java:39)
	at org.junit.jupiter.api.Assertions.fail(Assertions.java:109)
	at com.mthree.vendingmachine.dao.VendingMachineDaoTest.testAddSnack(VendingMachineDaoTest.java:113)
</failure>
    <system-out>addSnack
</system-out>
  </testcase>
  <testcase classname="com.mthree.vendingmachine.dao.VendingMachineDaoTest" name="com.mthree.vendingmachine.dao.VendingMachineDaoTest.testGetAllSnacks" time="0">
    <failure message="The test case is a prototype." type="org.opentest4j.AssertionFailedError">org.opentest4j.AssertionFailedError: The test case is a prototype.
	at org.junit.jupiter.api.AssertionUtils.fail(AssertionUtils.java:39)
	at org.junit.jupiter.api.Assertions.fail(Assertions.java:109)
	at com.mthree.vendingmachine.dao.VendingMachineDaoTest.testGetAllSnacks(VendingMachineDaoTest.java:127)
</failure>
    <system-out>getAllSnacks
</system-out>
  </testcase>
  <testcase classname="com.mthree.vendingmachine.dao.VendingMachineDaoTest" name="com.mthree.vendingmachine.dao.VendingMachineDaoTest.testGetSnack" time="0">
    <failure message="The test case is a prototype." type="org.opentest4j.AssertionFailedError">org.opentest4j.AssertionFailedError: The test case is a prototype.
	at org.junit.jupiter.api.AssertionUtils.fail(AssertionUtils.java:39)
	at org.junit.jupiter.api.Assertions.fail(Assertions.java:109)
	at com.mthree.vendingmachine.dao.VendingMachineDaoTest.testGetSnack(VendingMachineDaoTest.java:142)
</failure>
    <system-out>getSnack
</system-out>
  </testcase>
  <testcase classname="com.mthree.vendingmachine.dao.VendingMachineDaoTest" name="com.mthree.vendingmachine.dao.VendingMachineDaoTest.testRemoveSnack" time="0">
    <failure message="The test case is a prototype." type="org.opentest4j.AssertionFailedError">org.opentest4j.AssertionFailedError: The test case is a prototype.
	at org.junit.jupiter.api.AssertionUtils.fail(AssertionUtils.java:39)
	at org.junit.jupiter.api.Assertions.fail(Assertions.java:109)
	at com.mthree.vendingmachine.dao.VendingMachineDaoTest.testRemoveSnack(VendingMachineDaoTest.java:157)
</failure>
    <system-out>removeSnack
</system-out>
  </testcase>
  <testcase classname="com.mthree.vendingmachine.dao.VendingMachineDaoTest" name="com.mthree.vendingmachine.dao.VendingMachineDaoTest.testEditSnack" time="0">
    <failure message="The test case is a prototype." type="org.opentest4j.AssertionFailedError">org.opentest4j.AssertionFailedError: The test case is a prototype.
	at org.junit.jupiter.api.AssertionUtils.fail(AssertionUtils.java:39)
	at org.junit.jupiter.api.Assertions.fail(Assertions.java:109)
	at com.mthree.vendingmachine.dao.VendingMachineDaoTest.testEditSnack(VendingMachineDaoTest.java:172)
</failure>
    <system-out>editSnack
</system-out>
  </testcase>
  <testcase classname="com.mthree.vendingmachine.dao.VendingMachineDaoTest" name="com.mthree.vendingmachine.dao.VendingMachineDaoTest.testGetChange" time="0">
    <failure message="The test case is a prototype." type="org.opentest4j.AssertionFailedError">org.opentest4j.AssertionFailedError: The test case is a prototype.
	at org.junit.jupiter.api.AssertionUtils.fail(AssertionUtils.java:39)
	at org.junit.jupiter.api.Assertions.fail(Assertions.java:109)
	at com.mthree.vendingmachine.dao.VendingMachineDaoTest.testGetChange(VendingMachineDaoTest.java:186)
</failure>
    <system-out>getChange
</system-out>
  </testcase>
  <testcase classname="com.mthree.vendingmachine.dao.VendingMachineDaoTest" name="com.mthree.vendingmachine.dao.VendingMachineDaoTest.testGetChangeInCoins" time="0">
    <failure message="The test case is a prototype." type="org.opentest4j.AssertionFailedError">org.opentest4j.AssertionFailedError: The test case is a prototype.
	at org.junit.jupiter.api.AssertionUtils.fail(AssertionUtils.java:39)
	at org.junit.jupiter.api.Assertions.fail(Assertions.java:109)
	at com.mthree.vendingmachine.dao.VendingMachineDaoTest.testGetChangeInCoins(VendingMachineDaoTest.java:200)
</failure>
    <system-out>getChangeInCoins
</system-out>
  </testcase>
</testsuite>