<?xml version="1.0" encoding="UTF-8" ?>
<testsuite tests="11" failures="11" name="com.mthree.vendingmachine.dao.VendingMachineDaoTest" time="0.001" errors="0" skipped="0">
  <properties>
    <property name="java.runtime.name" value="Java(TM) SE Runtime Environment"/>
    <property name="java.vm.version" value="15.0.1+9-18"/>
    <property name="sun.boot.library.path" value="/Library/Java/JavaVirtualMachines/jdk-15.0.1.jdk/Contents/Home/lib"/>
    <property name="maven.multiModuleProjectDirectory" value="/Users/Chuck/Projects/MThree/VendingMachine"/>
    <property name="java.vm.vendor" value="Oracle Corporation"/>
    <property name="java.vendor.url" value="https://java.oracle.com/"/>
    <property name="guice.disable.misplaced.annotation.check" value="true"/>
    <property name="path.separator" value=":"/>
    <property name="java.vm.name" value="Java HotSpot(TM) 64-Bit Server VM"/>
    <property name="user.country" value="US"/>
    <property name="sun.java.launcher" value="SUN_STANDARD"/>
    <property name="java.vm.specification.name" value="Java Virtual Machine Specification"/>
    <property name="user.dir" value="/Users/Chuck/Projects/MThree/VendingMachine"/>
    <property name="java.vm.compressedOopsMode" value="Zero based"/>
    <property name="java.runtime.version" value="15.0.1+9-18"/>
    <property name="os.arch" value="x86_64"/>
    <property name="java.io.tmpdir" value="/var/folders/0n/dv8dq_l95dq79fm9hlnn09s00000gn/T/"/>
    <property name="line.separator" value="
"/>
    <property name="java.vm.specification.vendor" value="Oracle Corporation"/>
    <property name="os.name" value="Mac OS X"/>
    <property name="maven.ext.class.path" value="/Applications/NetBeans/Apache NetBeans 12.4.app/Contents/Resources/NetBeans/netbeans/java/maven-nblib/netbeans-eventspy.jar"/>
    <property name="classworlds.conf" value="/Applications/NetBeans/Apache NetBeans 12.4.app/Contents/Resources/NetBeans/netbeans/java/maven/bin/m2.conf"/>
    <property name="sun.jnu.encoding" value="UTF-8"/>
    <property name="java.library.path" value="/Users/Chuck/Library/Java/Extensions:/Library/Java/Extensions:/Network/Library/Java/Extensions:/System/Library/Java/Extensions:/usr/lib/java:."/>
    <property name="maven.conf" value="/Applications/NetBeans/Apache NetBeans 12.4.app/Contents/Resources/NetBeans/netbeans/java/maven/conf"/>
    <property name="jdk.debug" value="release"/>
    <property name="java.class.version" value="59.0"/>
    <property name="java.specification.name" value="Java Platform API Specification"/>
    <property name="sun.management.compiler" value="HotSpot 64-Bit Tiered Compilers"/>
    <property name="os.version" value="10.15.7"/>
    <property name="library.jansi.path" value="/Applications/NetBeans/Apache NetBeans 12.4.app/Contents/Resources/NetBeans/netbeans/java/maven/lib/jansi-native"/>
    <property name="http.nonProxyHosts" value="local|*.local|169.254/16|*.169.254/16"/>
    <property name="user.home" value="/Users/Chuck"/>
    <property name="user.timezone" value="America/Los_Angeles"/>
    <property name="file.encoding" value="UTF-8"/>
    <property name="java.specification.version" value="15"/>
    <property name="user.name" value="Chuck"/>
    <property name="java.class.path" value="/Applications/NetBeans/Apache NetBeans 12.4.app/Contents/Resources/NetBeans/netbeans/java/maven/boot/plexus-classworlds-2.6.0.jar"/>
    <property name="java.vm.specification.version" value="15"/>
    <property name="sun.arch.data.model" value="64"/>
    <property name="sun.java.command" value="org.codehaus.plexus.classworlds.launcher.Launcher -Dmaven.ext.class.path=/Applications/NetBeans/Apache NetBeans 12.4.app/Contents/Resources/NetBeans/netbeans/java/maven-nblib/netbeans-eventspy.jar install"/>
    <property name="java.home" value="/Library/Java/JavaVirtualMachines/jdk-15.0.1.jdk/Contents/Home"/>
    <property name="user.language" value="en"/>
    <property name="java.specification.vendor" value="Oracle Corporation"/>
    <property name="java.vm.info" value="mixed mode, sharing"/>
    <property name="java.version" value="15.0.1"/>
    <property name="java.vendor" value="Oracle Corporation"/>
    <property name="maven.home" value="/Applications/NetBeans/Apache NetBeans 12.4.app/Contents/Resources/NetBeans/netbeans/java/maven"/>
    <property name="file.separator" value="/"/>
    <property name="java.version.date" value="2020-10-20"/>
    <property name="java.vendor.url.bug" value="https://bugreport.java.com/bugreport/"/>
    <property name="sun.io.unicode.encoding" value="UnicodeBig"/>
    <property name="sun.cpu.endian" value="little"/>
    <property name="socksNonProxyHosts" value="local|*.local|169.254/16|*.169.254/16"/>
    <property name="ftp.nonProxyHosts" value="local|*.local|169.254/16|*.169.254/16"/>
  </properties>
  <testcase classname="com.mthree.vendingmachine.dao.VendingMachineDaoTest" name="com.mthree.vendingmachine.dao.VendingMachineDaoTest.testInsertMoneyToMachine" time="0.001">
    <failure message="The test case is a prototype." type="org.opentest4j.AssertionFailedError">org.opentest4j.AssertionFailedError: The test case is a prototype.
	at org.junit.jupiter.api.AssertionUtils.fail(AssertionUtils.java:39)
	at org.junit.jupiter.api.Assertions.fail(Assertions.java:109)
	at com.mthree.vendingmachine.dao.VendingMachineDaoTest.testInsertMoneyToMachine(VendingMachineDaoTest.java:53)
</failure>
    <system-out>insertMoneyToMachine
</system-out>
  </testcase>
  <testcase classname="com.mthree.vendingmachine.dao.VendingMachineDaoTest" name="com.mthree.vendingmachine.dao.VendingMachineDaoTest.testGetMoneyInMachine" time="0">
    <failure message="The test case is a prototype." type="org.opentest4j.AssertionFailedError">org.opentest4j.AssertionFailedError: The test case is a prototype.
	at org.junit.jupiter.api.AssertionUtils.fail(AssertionUtils.java:39)
	at org.junit.jupiter.api.Assertions.fail(Assertions.java:109)
	at com.mthree.vendingmachine.dao.VendingMachineDaoTest.testGetMoneyInMachine(VendingMachineDaoTest.java:67)
</failure>
    <system-out>getMoneyInMachine
</system-out>
  </testcase>
  <testcase classname="com.mthree.vendingmachine.dao.VendingMachineDaoTest" name="com.mthree.vendingmachine.dao.VendingMachineDaoTest.testAddSnacksFromFile" time="0">
    <failure message="The test case is a prototype." type="org.opentest4j.AssertionFailedError">org.opentest4j.AssertionFailedError: The test case is a prototype.
	at org.junit.jupiter.api.AssertionUtils.fail(AssertionUtils.java:39)
	at org.junit.jupiter.api.Assertions.fail(Assertions.java:109)
	at com.mthree.vendingmachine.dao.VendingMachineDaoTest.testAddSnacksFromFile(VendingMachineDaoTest.java:82)
</failure>
    <system-out>addSnacksFromFile
</system-out>
  </testcase>
  <testcase classname="com.mthree.vendingmachine.dao.VendingMachineDaoTest" name="com.mthree.vendingmachine.dao.VendingMachineDaoTest.testWriteSnacksToFile" time="0">
    <failure message="The test case is a prototype." type="org.opentest4j.AssertionFailedError">org.opentest4j.AssertionFailedError: The test case is a prototype.
	at org.junit.jupiter.api.AssertionUtils.fail(AssertionUtils.java:39)
	at org.junit.jupiter.api.Assertions.fail(Assertions.java:109)
	at com.mthree.vendingmachine.dao.VendingMachineDaoTest.testWriteSnacksToFile(VendingMachineDaoTest.java:97)
</failure>
    <system-out>writeSnacksToFile
</system-out>
  </testcase>
  <testcase classname="com.mthree.vendingmachine.dao.VendingMachineDaoTest" name="com.mthree.vendingmachine.dao.VendingMachineDaoTest.testAddSnack" time="0">
    <failure message="The test case is a prototype." type="org.opentest4j.AssertionFailedError">org.opentest4j.AssertionFailedError: The test case is a prototype.
	at org.junit.jupiter.api.AssertionUtils.fail(AssertionUtils.java:39)
	at org.junit.jupiter.api.Assertions.fail(Assertions.java:109)
	at com.mthree.vendingmachine.dao.VendingMachineDaoTest.testAddSnack(VendingMachineDaoTest.java:113)
</failure>
    <system-out>addSnack
</system-out>
  </testcase>
  <testcase classname="com.mthree.vendingmachine.dao.VendingMachineDaoTest" name="com.mthree.vendingmachine.dao.VendingMachineDaoTest.testGetAllSnacks" time="0">
    <failure message="The test case is a prototype." type="org.opentest4j.AssertionFailedError">org.opentest4j.AssertionFailedError: The test case is a prototype.
	at org.junit.jupiter.api.AssertionUtils.fail(AssertionUtils.java:39)
	at org.junit.jupiter.api.Assertions.fail(Assertions.java:109)
	at com.mthree.vendingmachine.dao.VendingMachineDaoTest.testGetAllSnacks(VendingMachineDaoTest.java:127)
</failure>
    <system-out>getAllSnacks
</system-out>
  </testcase>
  <testcase classname="com.mthree.vendingmachine.dao.VendingMachineDaoTest" name="com.mthree.vendingmachine.dao.VendingMachineDaoTest.testGetSnack" time="0">
    <failure message="The test case is a prototype." type="org.opentest4j.AssertionFailedError">org.opentest4j.AssertionFailedError: The test case is a prototype.
	at org.junit.jupiter.api.AssertionUtils.fail(AssertionUtils.java:39)
	at org.junit.jupiter.api.Assertions.fail(Assertions.java:109)
	at com.mthree.vendingmachine.dao.VendingMachineDaoTest.testGetSnack(VendingMachineDaoTest.java:142)
</failure>
    <system-out>getSnack
</system-out>
  </testcase>
  <testcase classname="com.mthree.vendingmachine.dao.VendingMachineDaoTest" name="com.mthree.vendingmachine.dao.VendingMachineDaoTest.testRemoveSnack" time="0">
    <failure message="The test case is a prototype." type="org.opentest4j.AssertionFailedError">org.opentest4j.AssertionFailedError: The test case is a prototype.
	at org.junit.jupiter.api.AssertionUtils.fail(AssertionUtils.java:39)
	at org.junit.jupiter.api.Assertions.fail(Assertions.java:109)
	at com.mthree.vendingmachine.dao.VendingMachineDaoTest.testRemoveSnack(VendingMachineDaoTest.java:157)
</failure>
    <system-out>removeSnack
</system-out>
  </testcase>
  <testcase classname="com.mthree.vendingmachine.dao.VendingMachineDaoTest" name="com.mthree.vendingmachine.dao.VendingMachineDaoTest.testEditSnack" time="0">
    <failure message="The test case is a prototype." type="org.opentest4j.AssertionFailedError">org.opentest4j.AssertionFailedError: The test case is a prototype.
	at org.junit.jupiter.api.AssertionUtils.fail(AssertionUtils.java:39)
	at org.junit.jupiter.api.Assertions.fail(Assertions.java:109)
	at com.mthree.vendingmachine.dao.VendingMachineDaoTest.testEditSnack(VendingMachineDaoTest.java:172)
</failure>
    <system-out>editSnack
</system-out>
  </testcase>
  <testcase classname="com.mthree.vendingmachine.dao.VendingMachineDaoTest" name="com.mthree.vendingmachine.dao.VendingMachineDaoTest.testGetChange" time="0">
    <failure message="The test case is a prototype." type="org.opentest4j.AssertionFailedError">org.opentest4j.AssertionFailedError: The test case is a prototype.
	at org.junit.jupiter.api.AssertionUtils.fail(AssertionUtils.java:39)
	at org.junit.jupiter.api.Assertions.fail(Assertions.java:109)
	at com.mthree.vendingmachine.dao.VendingMachineDaoTest.testGetChange(VendingMachineDaoTest.java:186)
</failure>
    <system-out>getChange
</system-out>
  </testcase>
  <testcase classname="com.mthree.vendingmachine.dao.VendingMachineDaoTest" name="com.mthree.vendingmachine.dao.VendingMachineDaoTest.testGetChangeInCoins" time="0">
    <failure message="The test case is a prototype." type="org.opentest4j.AssertionFailedError">org.opentest4j.AssertionFailedError: The test case is a prototype.
	at org.junit.jupiter.api.AssertionUtils.fail(AssertionUtils.java:39)
	at org.junit.jupiter.api.Assertions.fail(Assertions.java:109)
	at com.mthree.vendingmachine.dao.VendingMachineDaoTest.testGetChangeInCoins(VendingMachineDaoTest.java:200)
</failure>
    <system-out>getChangeInCoins
</system-out>
  </testcase>
</testsuite>